2023-05-09 12:01:06,905 [Worker-4: Loading available Gradle versions] INFO  o.e.b.c.i.u.g.PublishedGradleVersions - Gradle version information cache is up-to-date. Trying to read.
2023-05-09 14:37:38,270 [Worker-0: Loading available Gradle versions] INFO  o.e.b.c.i.u.g.PublishedGradleVersions - Gradle version information cache is up-to-date. Trying to read.
2023-05-10 09:34:01,842 [Worker-3: Loading available Gradle versions] INFO  o.e.b.c.i.u.g.PublishedGradleVersions - Gradle version information cache is out-of-date. Trying to update.
2023-05-11 09:25:14,276 [Worker-3: Loading available Gradle versions] INFO  o.e.b.c.i.u.g.PublishedGradleVersions - Gradle version information cache is up-to-date. Trying to read.
2023-05-12 09:30:33,823 [Worker-0: Loading available Gradle versions] INFO  o.e.b.c.i.u.g.PublishedGradleVersions - Gradle version information cache is out-of-date. Trying to update.
2023-05-12 14:11:23,421 [Worker-1: Loading available Gradle versions] INFO  o.e.b.c.i.u.g.PublishedGradleVersions - Gradle version information cache is up-to-date. Trying to read.
2023-05-15 09:31:51,023 [Worker-3: Loading available Gradle versions] INFO  o.e.b.c.i.u.g.PublishedGradleVersions - Gradle version information cache is out-of-date. Trying to update.
2023-05-16 09:28:18,417 [Worker-5: Loading available Gradle versions] INFO  o.e.b.c.i.u.g.PublishedGradleVersions - Gradle version information cache is up-to-date. Trying to read.
2023-05-16 11:59:25,011 [main] INFO  org.eclipse.jetty.server.Server - jetty-10.0.13; built: 2022-12-07T20:13:20.134Z; git: 1c2636ea05c0ca8de1ffd6ca7f3a98ac084c766d; jvm 17.0.7+7
2023-05-16 11:59:25,094 [main] INFO  o.e.j.s.s.DefaultSessionIdManager - Session workerName=node0
2023-05-16 11:59:25,120 [main] INFO  o.e.j.server.handler.ContextHandler - Started o.e.j.s.ServletContextHandler@621eef1e{/wse,null,AVAILABLE}
2023-05-16 11:59:25,133 [main] INFO  o.e.jetty.server.AbstractConnector - Started ServerConnector@3ada08b{HTTP/1.1, (http/1.1)}{0.0.0.0:52193}
2023-05-16 11:59:25,186 [main] INFO  org.eclipse.jetty.server.Server - Started Server@4fabdebb{STARTING}[10.0.13,sto=0] @9096558ms
2023-05-16 19:10:53,129 [Framework stop - Equinox Container: 835b025d-3147-4b4f-bc2a-aaa6fc70ec21] INFO  org.eclipse.jetty.server.Server - Stopped Server@4fabdebb{STOPPING}[10.0.13,sto=0]
2023-05-16 19:10:53,132 [Framework stop - Equinox Container: 835b025d-3147-4b4f-bc2a-aaa6fc70ec21] INFO  o.e.jetty.server.AbstractConnector - Stopped ServerConnector@3ada08b{HTTP/1.1, (http/1.1)}{0.0.0.0:0}
2023-05-16 19:10:53,171 [Framework stop - Equinox Container: 835b025d-3147-4b4f-bc2a-aaa6fc70ec21] INFO  o.e.j.server.handler.ContextHandler - Stopped o.e.j.s.ServletContextHandler@621eef1e{/wse,null,STOPPED}
2023-05-17 09:29:20,259 [Worker-8: Loading available Gradle versions] INFO  o.e.b.c.i.u.g.PublishedGradleVersions - Gradle version information cache is out-of-date. Trying to update.
2023-05-18 09:30:27,626 [Worker-3: Loading available Gradle versions] INFO  o.e.b.c.i.u.g.PublishedGradleVersions - Gradle version information cache is out-of-date. Trying to update.
2023-05-18 16:02:20,845 [Worker-4: Loading available Gradle versions] INFO  o.e.b.c.i.u.g.PublishedGradleVersions - Gradle version information cache is up-to-date. Trying to read.
2023-05-19 09:31:26,178 [Worker-3: Loading available Gradle versions] INFO  o.e.b.c.i.u.g.PublishedGradleVersions - Gradle version information cache is out-of-date. Trying to update.
2023-05-19 09:55:29,728 [main] INFO  org.eclipse.jetty.server.Server - jetty-10.0.13; built: 2022-12-07T20:13:20.134Z; git: 1c2636ea05c0ca8de1ffd6ca7f3a98ac084c766d; jvm 17.0.7+7
2023-05-19 09:55:29,752 [main] INFO  o.e.j.s.s.DefaultSessionIdManager - Session workerName=node0
2023-05-19 09:55:29,776 [main] INFO  o.e.j.server.handler.ContextHandler - Started o.e.j.s.ServletContextHandler@4d945670{/wse,null,AVAILABLE}
2023-05-19 09:55:29,793 [main] INFO  o.e.jetty.server.AbstractConnector - Started ServerConnector@33934e30{HTTP/1.1, (http/1.1)}{0.0.0.0:53636}
2023-05-19 09:55:29,845 [main] INFO  org.eclipse.jetty.server.Server - Started Server@563e84eb{STARTING}[10.0.13,sto=0] @1475780ms
2023-05-19 17:58:49,718 [Framework stop - Equinox Container: 42f9ffe3-9a2f-4470-9154-cbfbec2dc5d9] INFO  org.eclipse.jetty.server.Server - Stopped Server@563e84eb{STOPPING}[10.0.13,sto=0]
2023-05-19 17:58:49,723 [Framework stop - Equinox Container: 42f9ffe3-9a2f-4470-9154-cbfbec2dc5d9] INFO  o.e.jetty.server.AbstractConnector - Stopped ServerConnector@33934e30{HTTP/1.1, (http/1.1)}{0.0.0.0:0}
2023-05-19 17:58:49,778 [Framework stop - Equinox Container: 42f9ffe3-9a2f-4470-9154-cbfbec2dc5d9] INFO  o.e.j.server.handler.ContextHandler - Stopped o.e.j.s.ServletContextHandler@4d945670{/wse,null,STOPPED}
2023-05-22 09:32:27,143 [Worker-8: Loading available Gradle versions] INFO  o.e.b.c.i.u.g.PublishedGradleVersions - Gradle version information cache is out-of-date. Trying to update.
2023-05-23 09:26:13,464 [Worker-3: Loading available Gradle versions] INFO  o.e.b.c.i.u.g.PublishedGradleVersions - Gradle version information cache is up-to-date. Trying to read.
2023-05-24 09:28:35,295 [Worker-3: Loading available Gradle versions] INFO  o.e.b.c.i.u.g.PublishedGradleVersions - Gradle version information cache is out-of-date. Trying to update.
2023-05-25 09:28:45,076 [Worker-3: Loading available Gradle versions] INFO  o.e.b.c.i.u.g.PublishedGradleVersions - Gradle version information cache is out-of-date. Trying to update.
